0 info it worked if it ends with ok
1 verbose cli [ '/usr/local/bin/node',
1 verbose cli   '/usr/local/bin/npm',
1 verbose cli   'run',
1 verbose cli   'release:dev' ]
2 info using npm@3.3.12
3 info using node@v5.3.0
4 verbose run-script [ 'prerelease:dev', 'release:dev', 'postrelease:dev' ]
5 info lifecycle web-rtc-sdk@1.0.0~prerelease:dev: web-rtc-sdk@1.0.0
6 silly lifecycle web-rtc-sdk@1.0.0~prerelease:dev: no script for prerelease:dev, continuing
7 info lifecycle web-rtc-sdk@1.0.0~release:dev: web-rtc-sdk@1.0.0
8 verbose lifecycle web-rtc-sdk@1.0.0~release:dev: unsafe-perm in lifecycle true
9 verbose lifecycle web-rtc-sdk@1.0.0~release:dev: PATH: /usr/local/lib/node_modules/npm/bin/node-gyp-bin:/Applications/work/web-rtc-sdk/node_modules/.bin:/usr/local/bin:/usr/bin:/bin:/usr/sbin:/sbin:/usr/local/go/bin:/Applications/Wireshark.app/Contents/MacOS:/Users/martin/Library/Android/sdk/tools:/Users/martin/Library/Android/sdk/tools/bin:/Users/martin/Library/Android/sdk/platform-tools
10 verbose lifecycle web-rtc-sdk@1.0.0~release:dev: CWD: /Applications/work/web-rtc-sdk
11 silly lifecycle web-rtc-sdk@1.0.0~release:dev: Args: [ '-c', 'rollup -c rollup.config.js --environment TARGET:dev' ]
12 silly lifecycle web-rtc-sdk@1.0.0~release:dev: Returned: code: 1  signal: null
13 info lifecycle web-rtc-sdk@1.0.0~release:dev: Failed to exec release:dev script
14 verbose stack Error: web-rtc-sdk@1.0.0 release:dev: `rollup -c rollup.config.js --environment TARGET:dev`
14 verbose stack Exit status 1
14 verbose stack     at EventEmitter.<anonymous> (/usr/local/lib/node_modules/npm/lib/utils/lifecycle.js:232:16)
14 verbose stack     at emitTwo (events.js:87:13)
14 verbose stack     at EventEmitter.emit (events.js:172:7)
14 verbose stack     at ChildProcess.<anonymous> (/usr/local/lib/node_modules/npm/lib/utils/spawn.js:24:14)
14 verbose stack     at emitTwo (events.js:87:13)
14 verbose stack     at ChildProcess.emit (events.js:172:7)
14 verbose stack     at maybeClose (internal/child_process.js:818:16)
14 verbose stack     at Process.ChildProcess._handle.onexit (internal/child_process.js:211:5)
15 verbose pkgid web-rtc-sdk@1.0.0
16 verbose cwd /Applications/work/web-rtc-sdk
17 error Darwin 17.7.0
18 error argv "/usr/local/bin/node" "/usr/local/bin/npm" "run" "release:dev"
19 error node v5.3.0
20 error npm  v3.3.12
21 error code ELIFECYCLE
22 error web-rtc-sdk@1.0.0 release:dev: `rollup -c rollup.config.js --environment TARGET:dev`
22 error Exit status 1
23 error Failed at the web-rtc-sdk@1.0.0 release:dev script 'rollup -c rollup.config.js --environment TARGET:dev'.
23 error Make sure you have the latest version of node.js and npm installed.
23 error If you do, this is most likely a problem with the web-rtc-sdk package,
23 error not with npm itself.
23 error Tell the author that this fails on your system:
23 error     rollup -c rollup.config.js --environment TARGET:dev
23 error You can get their info via:
23 error     npm owner ls web-rtc-sdk
23 error There is likely additional logging output above.
24 verbose exit [ 1, true ]
